<?xml version="1.0" encoding="UTF-8"?>
<!-- Generated by org.testng.reporters.JUnitReportReporter -->
<testsuite hostname="LAPTOP-AM8G0EIO" failures="0" tests="1" name="loginAutomationTest.CucumberTestNGTestrunner" time="20.219" errors="0" timestamp="2023-05-18T15:50:13 CEST" skipped="0">
  <testcase classname="loginAutomationTest.CucumberTestNGTestrunner" name="runScenario" time="20.219"/>
  <system-out/>
</testsuite> <!-- loginAutomationTest.CucumberTestNGTestrunner -->
