<?xml version="1.0" encoding="UTF-8"?>
<!-- Generated by org.testng.reporters.JUnitReportReporter -->
<testsuite hostname="LAPTOP-AM8G0EIO" failures="0" tests="1" name="loginAutomationTest.CucumberTestNGTestrunner" time="24.204" errors="0" timestamp="2023-05-18T16:12:56 CEST" skipped="0">
  <testcase classname="loginAutomationTest.CucumberTestNGTestrunner" name="runScenario" time="24.204"/>
  <system-out/>
</testsuite> <!-- loginAutomationTest.CucumberTestNGTestrunner -->
